<?xml version="1.0" encoding="UTF-8"?>
<testsuite xmlns:xsi="http://www.w3.org/2001/XMLSchema-instance" xsi:noNamespaceSchemaLocation="https://maven.apache.org/surefire/maven-surefire-plugin/xsd/surefire-test-report-3.0.xsd" version="3.0" name="com.reedelk.esb.flow.deserializer.node.TryCatchDeserializerTest" time="0.062" tests="2" errors="0" skipped="0" failures="0">
  <properties>
[...]
</properties>
  <testcase name="shouldCorrectlyDeserializeTryCatchComponent" classname="com.reedelk.esb.flow.deserializer.node.TryCatchDeserializerTest" time="0.022"/>
  <testcase name="shouldCorrectlyDeserializeNestedTryCatchComponent" classname="com.reedelk.esb.flow.deserializer.node.TryCatchDeserializerTest" time="0.04"/>
</testsuite>