<?xml version="1.0" encoding="UTF-8"?>
<testsuite xmlns:xsi="http://www.w3.org/2001/XMLSchema-instance" xsi:noNamespaceSchemaLocation="https://maven.apache.org/surefire/maven-surefire-plugin/xsd/surefire-test-report-3.0.xsd" version="3.0" name="com.reedelk.esb.flow.deserializer.node.GenericComponentDefinitionDeserializerTest" time="0.221" tests="73" errors="0" skipped="0" failures="0">
  <properties>
[...]
</properties>
  <testcase name="shouldCorrectlySetDynamicStringMapProperty" classname="com.reedelk.esb.flow.deserializer.node.GenericComponentDefinitionDeserializerTest$DynamicMapTests" time="0.01"/>
  <testcase name="shouldCorrectlySetByteArrayDynamicProperty" classname="com.reedelk.esb.flow.deserializer.node.GenericComponentDefinitionDeserializerTest$DynamicValueTests" time="0.004"/>
  <testcase name="shouldCorrectlySetScriptedBigIntegerDynamicProperty" classname="com.reedelk.esb.flow.deserializer.node.GenericComponentDefinitionDeserializerTest$DynamicValueTests" time="0.002"/>
  <testcase name="shouldCorrectlySetBigIntegerDynamicProperty" classname="com.reedelk.esb.flow.deserializer.node.GenericComponentDefinitionDeserializerTest$DynamicValueTests" time="0.006"/>
  <testcase name="shouldCorrectlySetScriptedStringDynamicProperty" classname="com.reedelk.esb.flow.deserializer.node.GenericComponentDefinitionDeserializerTest$DynamicValueTests" time="0.002"/>
  <testcase name="shouldCorrectlySetScriptedObjectDynamicProperty" classname="com.reedelk.esb.flow.deserializer.node.GenericComponentDefinitionDeserializerTest$DynamicValueTests" time="0.002"/>
  <testcase name="shouldCorrectlySetDynamicFloatProperty" classname="com.reedelk.esb.flow.deserializer.node.GenericComponentDefinitionDeserializerTest$DynamicValueTests" time="0.004"/>
  <testcase name="shouldCorrectlySetScriptedIntegerDynamicProperty" classname="com.reedelk.esb.flow.deserializer.node.GenericComponentDefinitionDeserializerTest$DynamicValueTests" time="0.002"/>
  <testcase name="shouldCorrectlySetScriptedDynamicLongProperty" classname="com.reedelk.esb.flow.deserializer.node.GenericComponentDefinitionDeserializerTest$DynamicValueTests" time="0.006"/>
  <testcase name="shouldCorrectlySetScriptedDynamicDoubleProperty" classname="com.reedelk.esb.flow.deserializer.node.GenericComponentDefinitionDeserializerTest$DynamicValueTests" time="0.002"/>
  <testcase name="shouldCorrectlySetScriptedDynamicFloatProperty" classname="com.reedelk.esb.flow.deserializer.node.GenericComponentDefinitionDeserializerTest$DynamicValueTests" time="0.002"/>
  <testcase name="shouldCorrectlySetScriptedBooleanDynamicProperty" classname="com.reedelk.esb.flow.deserializer.node.GenericComponentDefinitionDeserializerTest$DynamicValueTests" time="0.002"/>
  <testcase name="shouldCorrectlySetIntegerDynamicProperty" classname="com.reedelk.esb.flow.deserializer.node.GenericComponentDefinitionDeserializerTest$DynamicValueTests" time="0.001"/>
  <testcase name="shouldCorrectlySetScriptedByteArrayDynamicProperty" classname="com.reedelk.esb.flow.deserializer.node.GenericComponentDefinitionDeserializerTest$DynamicValueTests" time="0.002"/>
  <testcase name="shouldCorrectlySetBooleanDynamicProperty" classname="com.reedelk.esb.flow.deserializer.node.GenericComponentDefinitionDeserializerTest$DynamicValueTests" time="0.002"/>
  <testcase name="shouldCorrectlySetScriptedBigDecimalDynamicProperty" classname="com.reedelk.esb.flow.deserializer.node.GenericComponentDefinitionDeserializerTest$DynamicValueTests" time="0.002"/>
  <testcase name="shouldCorrectlySetStringDynamicProperty" classname="com.reedelk.esb.flow.deserializer.node.GenericComponentDefinitionDeserializerTest$DynamicValueTests" time="0.004"/>
  <testcase name="shouldCorrectlySetObjectDynamicProperty" classname="com.reedelk.esb.flow.deserializer.node.GenericComponentDefinitionDeserializerTest$DynamicValueTests" time="0.003"/>
  <testcase name="shouldCorrectlySetBigDecimalDynamicProperty" classname="com.reedelk.esb.flow.deserializer.node.GenericComponentDefinitionDeserializerTest$DynamicValueTests" time="0.003"/>
  <testcase name="shouldCorrectlySetDynamicLongProperty" classname="com.reedelk.esb.flow.deserializer.node.GenericComponentDefinitionDeserializerTest$DynamicValueTests" time="0.003"/>
  <testcase name="shouldCorrectlySetDynamicDoubleProperty" classname="com.reedelk.esb.flow.deserializer.node.GenericComponentDefinitionDeserializerTest$DynamicValueTests" time="0.004"/>
  <testcase name="shouldCorrectlyMapJSONObjectToImplementor" classname="com.reedelk.esb.flow.deserializer.node.GenericComponentDefinitionDeserializerTest$ObjectTest" time="0.008"/>
  <testcase name="shouldCorrectlyMapJSONObjectToMap" classname="com.reedelk.esb.flow.deserializer.node.GenericComponentDefinitionDeserializerTest$ObjectTest" time="0.002"/>
  <testcase name="shouldCorrectlySetBigDecimalSet" classname="com.reedelk.esb.flow.deserializer.node.GenericComponentDefinitionDeserializerTest$SetTests" time="0.004"/>
  <testcase name="shouldCorrectlySetBigIntegerSet" classname="com.reedelk.esb.flow.deserializer.node.GenericComponentDefinitionDeserializerTest$SetTests" time="0.002"/>
  <testcase name="shouldCorrectlySetDoubleSet" classname="com.reedelk.esb.flow.deserializer.node.GenericComponentDefinitionDeserializerTest$SetTests" time="0.003"/>
  <testcase name="shouldCorrectlySetStringSet" classname="com.reedelk.esb.flow.deserializer.node.GenericComponentDefinitionDeserializerTest$SetTests" time="0.002"/>
  <testcase name="shouldCorrectlySetIntSet" classname="com.reedelk.esb.flow.deserializer.node.GenericComponentDefinitionDeserializerTest$SetTests" time="0.002"/>
  <testcase name="shouldCorrectlySetBooleanSet" classname="com.reedelk.esb.flow.deserializer.node.GenericComponentDefinitionDeserializerTest$SetTests" time="0.003"/>
  <testcase name="shouldCorrectlySetFloatSet" classname="com.reedelk.esb.flow.deserializer.node.GenericComponentDefinitionDeserializerTest$SetTests" time="0.002"/>
  <testcase name="shouldCorrectlySetLongSet" classname="com.reedelk.esb.flow.deserializer.node.GenericComponentDefinitionDeserializerTest$SetTests" time="0.002"/>
  <testcase name="shouldCorrectlySetBigDecimalList" classname="com.reedelk.esb.flow.deserializer.node.GenericComponentDefinitionDeserializerTest$ListTests" time="0.005"/>
  <testcase name="shouldCorrectlySetIntList" classname="com.reedelk.esb.flow.deserializer.node.GenericComponentDefinitionDeserializerTest$ListTests" time="0.002"/>
  <testcase name="shouldCorrectlySetBooleanList" classname="com.reedelk.esb.flow.deserializer.node.GenericComponentDefinitionDeserializerTest$ListTests" time="0.002"/>
  <testcase name="shouldCorrectlySetStringList" classname="com.reedelk.esb.flow.deserializer.node.GenericComponentDefinitionDeserializerTest$ListTests" time="0.002"/>
  <testcase name="shouldCorrectlySetBigIntegerList" classname="com.reedelk.esb.flow.deserializer.node.GenericComponentDefinitionDeserializerTest$ListTests" time="0.001"/>
  <testcase name="shouldCorrectlySetLongList" classname="com.reedelk.esb.flow.deserializer.node.GenericComponentDefinitionDeserializerTest$ListTests" time="0.001"/>
  <testcase name="shouldCorrectlySetFloatList" classname="com.reedelk.esb.flow.deserializer.node.GenericComponentDefinitionDeserializerTest$ListTests" time="0.002"/>
  <testcase name="shouldCorrectlySetDoubleList" classname="com.reedelk.esb.flow.deserializer.node.GenericComponentDefinitionDeserializerTest$ListTests" time="0.003"/>
  <testcase name="shouldCorrectlySetBigDecimalCollection" classname="com.reedelk.esb.flow.deserializer.node.GenericComponentDefinitionDeserializerTest$CollectionTests" time="0.002"/>
  <testcase name="shouldCorrectlySetBooleanCollection" classname="com.reedelk.esb.flow.deserializer.node.GenericComponentDefinitionDeserializerTest$CollectionTests" time="0.002"/>
  <testcase name="shouldCorrectlySetIntCollection" classname="com.reedelk.esb.flow.deserializer.node.GenericComponentDefinitionDeserializerTest$CollectionTests" time="0.002"/>
  <testcase name="shouldCorrectlySetFloatCollection" classname="com.reedelk.esb.flow.deserializer.node.GenericComponentDefinitionDeserializerTest$CollectionTests" time="0.001"/>
  <testcase name="shouldCorrectlySetLongCollection" classname="com.reedelk.esb.flow.deserializer.node.GenericComponentDefinitionDeserializerTest$CollectionTests" time="0.002"/>
  <testcase name="shouldCorrectlySetDoubleCollection" classname="com.reedelk.esb.flow.deserializer.node.GenericComponentDefinitionDeserializerTest$CollectionTests" time="0.002"/>
  <testcase name="shouldCorrectlySetStringCollection" classname="com.reedelk.esb.flow.deserializer.node.GenericComponentDefinitionDeserializerTest$CollectionTests" time="0.001"/>
  <testcase name="shouldCorrectlySetBigIntegerCollection" classname="com.reedelk.esb.flow.deserializer.node.GenericComponentDefinitionDeserializerTest$CollectionTests" time="0.002"/>
  <testcase name="shouldCorrectlySetStringProperty" classname="com.reedelk.esb.flow.deserializer.node.GenericComponentDefinitionDeserializerTest$PrimitiveTypeTests" time="0.002"/>
  <testcase name="shouldCorrectlySetDoubleObjectProperty" classname="com.reedelk.esb.flow.deserializer.node.GenericComponentDefinitionDeserializerTest$PrimitiveTypeTests" time="0.002"/>
  <testcase name="shouldCorrectlySetDoubleProperty" classname="com.reedelk.esb.flow.deserializer.node.GenericComponentDefinitionDeserializerTest$PrimitiveTypeTests" time="0.001"/>
  <testcase name="shouldCorrectlySetFloatProperty" classname="com.reedelk.esb.flow.deserializer.node.GenericComponentDefinitionDeserializerTest$PrimitiveTypeTests" time="0.001"/>
  <testcase name="shouldCorrectlySetNullBigIntegerProperty" classname="com.reedelk.esb.flow.deserializer.node.GenericComponentDefinitionDeserializerTest$PrimitiveTypeTests" time="0.001"/>
  <testcase name="shouldCorrectlySetNullFloatObjectProperty" classname="com.reedelk.esb.flow.deserializer.node.GenericComponentDefinitionDeserializerTest$PrimitiveTypeTests" time="0.002"/>
  <testcase name="shouldCorrectlySetIntObjectProperty" classname="com.reedelk.esb.flow.deserializer.node.GenericComponentDefinitionDeserializerTest$PrimitiveTypeTests" time="0.002"/>
  <testcase name="shouldCorrectlySetNullDoubleObjectProperty" classname="com.reedelk.esb.flow.deserializer.node.GenericComponentDefinitionDeserializerTest$PrimitiveTypeTests" time="0.002"/>
  <testcase name="shouldCorrectlySetNullBooleanObjectProperty" classname="com.reedelk.esb.flow.deserializer.node.GenericComponentDefinitionDeserializerTest$PrimitiveTypeTests" time="0.001"/>
  <testcase name="shouldCorrectlySetLongObjectProperty" classname="com.reedelk.esb.flow.deserializer.node.GenericComponentDefinitionDeserializerTest$PrimitiveTypeTests" time="0.002"/>
  <testcase name="shouldCorrectlySetBooleanProperty" classname="com.reedelk.esb.flow.deserializer.node.GenericComponentDefinitionDeserializerTest$PrimitiveTypeTests" time="0.001"/>
  <testcase name="shouldCorrectlySetLongProperty" classname="com.reedelk.esb.flow.deserializer.node.GenericComponentDefinitionDeserializerTest$PrimitiveTypeTests" time="0.002"/>
  <testcase name="shouldCorrectlySetBooleanObjectProperty" classname="com.reedelk.esb.flow.deserializer.node.GenericComponentDefinitionDeserializerTest$PrimitiveTypeTests" time="0.002"/>
  <testcase name="shouldCorrectlySetNullLongObjectProperty" classname="com.reedelk.esb.flow.deserializer.node.GenericComponentDefinitionDeserializerTest$PrimitiveTypeTests" time="0.003"/>
  <testcase name="shouldCorrectlySetNullStringProperty" classname="com.reedelk.esb.flow.deserializer.node.GenericComponentDefinitionDeserializerTest$PrimitiveTypeTests" time="0.001"/>
  <testcase name="shouldCorrectlySetFloatObjectProperty" classname="com.reedelk.esb.flow.deserializer.node.GenericComponentDefinitionDeserializerTest$PrimitiveTypeTests" time="0.002"/>
  <testcase name="shouldCorrectlySetDefaultWhenNullDoubleProperty" classname="com.reedelk.esb.flow.deserializer.node.GenericComponentDefinitionDeserializerTest$PrimitiveTypeTests" time="0.001"/>
  <testcase name="shouldCorrectlySetDefaultWhenNullLongProperty" classname="com.reedelk.esb.flow.deserializer.node.GenericComponentDefinitionDeserializerTest$PrimitiveTypeTests" time="0.001"/>
  <testcase name="shouldCorrectlySetBigDecimalProperty" classname="com.reedelk.esb.flow.deserializer.node.GenericComponentDefinitionDeserializerTest$PrimitiveTypeTests" time="0.001"/>
  <testcase name="shouldCorrectlySetDefaultWhenNullIntProperty" classname="com.reedelk.esb.flow.deserializer.node.GenericComponentDefinitionDeserializerTest$PrimitiveTypeTests" time="0.001"/>
  <testcase name="shouldCorrectlySetDefaultWhenNullBooleanProperty" classname="com.reedelk.esb.flow.deserializer.node.GenericComponentDefinitionDeserializerTest$PrimitiveTypeTests" time="0.002"/>
  <testcase name="shouldCorrectlySetDefaultWhenNullFloatProperty" classname="com.reedelk.esb.flow.deserializer.node.GenericComponentDefinitionDeserializerTest$PrimitiveTypeTests" time="0.002"/>
  <testcase name="shouldCorrectlySetNullIntObjectProperty" classname="com.reedelk.esb.flow.deserializer.node.GenericComponentDefinitionDeserializerTest$PrimitiveTypeTests" time="0.002"/>
  <testcase name="shouldCorrectlySetIntProperty" classname="com.reedelk.esb.flow.deserializer.node.GenericComponentDefinitionDeserializerTest$PrimitiveTypeTests" time="0.001"/>
  <testcase name="shouldCorrectlySetNullBigDecimalProperty" classname="com.reedelk.esb.flow.deserializer.node.GenericComponentDefinitionDeserializerTest$PrimitiveTypeTests" time="0.002"/>
  <testcase name="shouldCorrectlySetBigIntegerProperty" classname="com.reedelk.esb.flow.deserializer.node.GenericComponentDefinitionDeserializerTest$PrimitiveTypeTests" time="0.002"/>
</testsuite>